# JRE version: OpenJDK Runtime Environment (7.0_85-b01) (build 1.7.0_85-b01)
# Java VM: OpenJDK 64-Bit Server VM (24.85-b03 mixed mode linux-amd64 compressed oops)
Heap
 PSYoungGen      total 209408K, used 17994K [0x00000000eaa80000, 0x00000000f8d80000, 0x0000000100000000)
  eden space 187904K, 0% used [0x00000000eaa80000,0x00000000eaa80000,0x00000000f6200000)
  from space 21504K, 83% used [0x00000000f6200000,0x00000000f7392b38,0x00000000f7700000)
  to   space 19968K, 0% used [0x00000000f7700000,0x00000000f7700000,0x00000000f8a80000)
 ParOldGen       total 83968K, used 46009K [0x00000000c0000000, 0x00000000c5200000, 0x00000000eaa80000)
  object space 83968K, 54% used [0x00000000c0000000,0x00000000c2cee590,0x00000000c5200000)
 PSPermGen       total 21504K, used 7351K [0x00000000b5a00000, 0x00000000b6f00000, 0x00000000c0000000)
  object space 21504K, 34% used [0x00000000b5a00000,0x00000000b612dfd8,0x00000000b6f00000)
GC Heap History (10 events):
Event: 5.359 GC heap after
Heap after GC invocations=6 (full 0):
 PSYoungGen      total 74240K, used 14333K [0x00000000eaa80000, 0x00000000f0b80000, 0x0000000100000000)
  eden space 59904K, 0% used [0x00000000eaa80000,0x00000000eaa80000,0x00000000ee500000)
  from space 14336K, 99% used [0x00000000ef680000,0x00000000f047f430,0x00000000f0480000)
  to   space 17920K, 0% used [0x00000000ee500000,0x00000000ee500000,0x00000000ef680000)
 ParOldGen       total 83968K, used 24657K [0x00000000c0000000, 0x00000000c5200000, 0x00000000eaa80000)
  object space 83968K, 29% used [0x00000000c0000000,0x00000000c18146a0,0x00000000c5200000)
 PSPermGen       total 21504K, used 7326K [0x00000000b5a00000, 0x00000000b6f00000, 0x00000000c0000000)
  object space 21504K, 34% used [0x00000000b5a00000,0x00000000b6127a50,0x00000000b6f00000)
}
Event: 5.591 GC heap before
{Heap before GC invocations=7 (full 0):
 PSYoungGen      total 74240K, used 74237K [0x00000000eaa80000, 0x00000000f0b80000, 0x0000000100000000)
  eden space 59904K, 100% used [0x00000000eaa80000,0x00000000ee500000,0x00000000ee500000)
  from space 14336K, 99% used [0x00000000ef680000,0x00000000f047f430,0x00000000f0480000)
  to   space 17920K, 0% used [0x00000000ee500000,0x00000000ee500000,0x00000000ef680000)
 ParOldGen       total 83968K, used 24657K [0x00000000c0000000, 0x00000000c5200000, 0x00000000eaa80000)
  object space 83968K, 29% used [0x00000000c0000000,0x00000000c18146a0,0x00000000c5200000)
 PSPermGen       total 21504K, used 7335K [0x00000000b5a00000, 0x00000000b6f00000, 0x00000000c0000000)
  object space 21504K, 34% used [0x00000000b5a00000,0x00000000b6129c60,0x00000000b6f00000)
Event: 5.608 GC heap after
Heap after GC invocations=7 (full 0):
 PSYoungGen      total 77824K, used 10407K [0x00000000eaa80000, 0x00000000f4080000, 0x0000000100000000)
  eden space 59904K, 0% used [0x00000000eaa80000,0x00000000eaa80000,0x00000000ee500000)
  from space 17920K, 58% used [0x00000000ee500000,0x00000000eef29fd0,0x00000000ef680000)
  to   space 16896K, 0% used [0x00000000f3000000,0x00000000f3000000,0x00000000f4080000)
 ParOldGen       total 83968K, used 29103K [0x00000000c0000000, 0x00000000c5200000, 0x00000000eaa80000)
  object space 83968K, 34% used [0x00000000c0000000,0x00000000c1c6bfe0,0x00000000c5200000)
 PSPermGen       total 21504K, used 7335K [0x00000000b5a00000, 0x00000000b6f00000, 0x00000000c0000000)
  object space 21504K, 34% used [0x00000000b5a00000,0x00000000b6129c60,0x00000000b6f00000)
}
Event: 5.776 GC heap before
{Heap before GC invocations=8 (full 0):
 PSYoungGen      total 77824K, used 70311K [0x00000000eaa80000, 0x00000000f4080000, 0x0000000100000000)
  eden space 59904K, 100% used [0x00000000eaa80000,0x00000000ee500000,0x00000000ee500000)
  from space 17920K, 58% used [0x00000000ee500000,0x00000000eef29fd0,0x00000000ef680000)
  to   space 16896K, 0% used [0x00000000f3000000,0x00000000f3000000,0x00000000f4080000)
 ParOldGen       total 83968K, used 29103K [0x00000000c0000000, 0x00000000c5200000, 0x00000000eaa80000)
  object space 83968K, 34% used [0x00000000c0000000,0x00000000c1c6bfe0,0x00000000c5200000)
 PSPermGen       total 21504K, used 7339K [0x00000000b5a00000, 0x00000000b6f00000, 0x00000000c0000000)
  object space 21504K, 34% used [0x00000000b5a00000,0x00000000b612acf8,0x00000000b6f00000)
Event: 5.787 GC heap after
Heap after GC invocations=8 (full 0):
 PSYoungGen      total 135168K, used 15654K [0x00000000eaa80000, 0x00000000f4380000, 0x0000000100000000)
  eden space 118272K, 0% used [0x00000000eaa80000,0x00000000eaa80000,0x00000000f1e00000)
  from space 16896K, 92% used [0x00000000f3000000,0x00000000f3f49928,0x00000000f4080000)
  to   space 18432K, 0% used [0x00000000f1e00000,0x00000000f1e00000,0x00000000f3000000)
 ParOldGen       total 83968K, used 32659K [0x00000000c0000000, 0x00000000c5200000, 0x00000000eaa80000)
  object space 83968K, 38% used [0x00000000c0000000,0x00000000c1fe4e78,0x00000000c5200000)
 PSPermGen       total 21504K, used 7339K [0x00000000b5a00000, 0x00000000b6f00000, 0x00000000c0000000)
  object space 21504K, 34% used [0x00000000b5a00000,0x00000000b612acf8,0x00000000b6f00000)
}
Event: 6.024 GC heap before
{Heap before GC invocations=9 (full 0):
 PSYoungGen      total 135168K, used 133926K [0x00000000eaa80000, 0x00000000f4380000, 0x0000000100000000)
  eden space 118272K, 100% used [0x00000000eaa80000,0x00000000f1e00000,0x00000000f1e00000)
  from space 16896K, 92% used [0x00000000f3000000,0x00000000f3f49928,0x00000000f4080000)
  to   space 18432K, 0% used [0x00000000f1e00000,0x00000000f1e00000,0x00000000f3000000)
 ParOldGen       total 83968K, used 32659K [0x00000000c0000000, 0x00000000c5200000, 0x00000000eaa80000)
  object space 83968K, 38% used [0x00000000c0000000,0x00000000c1fe4e78,0x00000000c5200000)
 PSPermGen       total 21504K, used 7346K [0x00000000b5a00000, 0x00000000b6f00000, 0x00000000c0000000)
  object space 21504K, 34% used [0x00000000b5a00000,0x00000000b612caa8,0x00000000b6f00000)
Event: 6.038 GC heap after
Heap after GC invocations=9 (full 0):
 PSYoungGen      total 136704K, used 17562K [0x00000000eaa80000, 0x00000000f8a80000, 0x0000000100000000)
  eden space 118272K, 0% used [0x00000000eaa80000,0x00000000eaa80000,0x00000000f1e00000)
  from space 18432K, 95% used [0x00000000f1e00000,0x00000000f2f26a68,0x00000000f3000000)
  to   space 19968K, 0% used [0x00000000f7700000,0x00000000f7700000,0x00000000f8a80000)
 ParOldGen       total 83968K, used 40206K [0x00000000c0000000, 0x00000000c5200000, 0x00000000eaa80000)
  object space 83968K, 47% used [0x00000000c0000000,0x00000000c2743820,0x00000000c5200000)
 PSPermGen       total 21504K, used 7346K [0x00000000b5a00000, 0x00000000b6f00000, 0x00000000c0000000)
  object space 21504K, 34% used [0x00000000b5a00000,0x00000000b612caa8,0x00000000b6f00000)
}
Event: 6.207 GC heap before
{Heap before GC invocations=10 (full 0):
 PSYoungGen      total 136704K, used 135834K [0x00000000eaa80000, 0x00000000f8a80000, 0x0000000100000000)
  eden space 118272K, 100% used [0x00000000eaa80000,0x00000000f1e00000,0x00000000f1e00000)
  from space 18432K, 95% used [0x00000000f1e00000,0x00000000f2f26a68,0x00000000f3000000)
  to   space 19968K, 0% used [0x00000000f7700000,0x00000000f7700000,0x00000000f8a80000)
 ParOldGen       total 83968K, used 40206K [0x00000000c0000000, 0x00000000c5200000, 0x00000000eaa80000)
  object space 83968K, 47% used [0x00000000c0000000,0x00000000c2743820,0x00000000c5200000)
 PSPermGen       total 21504K, used 7347K [0x00000000b5a00000, 0x00000000b6f00000, 0x00000000c0000000)
  object space 21504K, 34% used [0x00000000b5a00000,0x00000000b612cd00,0x00000000b6f00000)
Event: 6.214 GC heap after
Heap after GC invocations=10 (full 0):
 PSYoungGen      total 207872K, used 18544K [0x00000000eaa80000, 0x00000000f8d80000, 0x0000000100000000)
  eden space 187904K, 0% used [0x00000000eaa80000,0x00000000eaa80000,0x00000000f6200000)
  from space 19968K, 92% used [0x00000000f7700000,0x00000000f891c118,0x00000000f8a80000)
  to   space 21504K, 0% used [0x00000000f6200000,0x00000000f6200000,0x00000000f7700000)
 ParOldGen       total 83968K, used 40206K [0x00000000c0000000, 0x00000000c5200000, 0x00000000eaa80000)
  object space 83968K, 47% used [0x00000000c0000000,0x00000000c2743820,0x00000000c5200000)
 PSPermGen       total 21504K, used 7347K [0x00000000b5a00000, 0x00000000b6f00000, 0x00000000c0000000)
  object space 21504K, 34% used [0x00000000b5a00000,0x00000000b612cd00,0x00000000b6f00000)
}
Event: 6.552 GC heap before
{Heap before GC invocations=11 (full 0):
 PSYoungGen      total 207872K, used 206448K [0x00000000eaa80000, 0x00000000f8d80000, 0x0000000100000000)
  eden space 187904K, 100% used [0x00000000eaa80000,0x00000000f6200000,0x00000000f6200000)
  from space 19968K, 92% used [0x00000000f7700000,0x00000000f891c118,0x00000000f8a80000)
  to   space 21504K, 0% used [0x00000000f6200000,0x00000000f6200000,0x00000000f7700000)
 ParOldGen       total 83968K, used 40206K [0x00000000c0000000, 0x00000000c5200000, 0x00000000eaa80000)
  object space 83968K, 47% used [0x00000000c0000000,0x00000000c2743820,0x00000000c5200000)
 PSPermGen       total 21504K, used 7351K [0x00000000b5a00000, 0x00000000b6f00000, 0x00000000c0000000)
  object space 21504K, 34% used [0x00000000b5a00000,0x00000000b612dfd8,0x00000000b6f00000)

